#! /usr/local/bin/vvp
:ivl_version "13.0 (devel)" "(s20221226-345-gc9548f033)";
:ivl_delay_selection "TYPICAL";
:vpi_time_precision - 12;
:vpi_module "/usr/local/lib/ivl/system.vpi";
:vpi_module "/usr/local/lib/ivl/vhdl_sys.vpi";
:vpi_module "/usr/local/lib/ivl/vhdl_textio.vpi";
:vpi_module "/usr/local/lib/ivl/v2005_math.vpi";
:vpi_module "/usr/local/lib/ivl/va_math.vpi";
:vpi_module "/usr/local/lib/ivl/v2009.vpi";
S_0x5609d89db510 .scope package, "$unit" "$unit" 2 1;
 .timescale 0 0;
S_0x5609d89f32e0 .scope module, "alarm_system_tb" "alarm_system_tb" 3 4;
 .timescale -12 -12;
P_0x5609d89eecb0 .param/l "IN_A" 1 3 8, C4<0001>;
P_0x5609d89eecf0 .param/l "IN_B" 1 3 9, C4<0010>;
P_0x5609d89eed30 .param/l "IN_C" 1 3 10, C4<0100>;
P_0x5609d89eed70 .param/l "IN_D" 1 3 11, C4<1000>;
v0x5609d8a13860_0 .net "chars", 3 0, L_0x5609d8a24a70;  1 drivers
v0x5609d8a13940_0 .var "clk", 0 0;
v0x5609d8a139e0_0 .var "din", 3 0;
v0x5609d8a13a80_0 .var "rst", 0 0;
v0x5609d8a13b50_0 .net "status", 2 0, L_0x5609d89f1d60;  1 drivers
E_0x5609d89ce220 .event posedge, v0x5609d8a13060_0;
S_0x5609d89f3470 .scope module, "dut" "alarm_system" 3 23, 4 1 0, S_0x5609d89f32e0;
 .timescale -12 -12;
    .port_info 0 /INPUT 1 "clk";
    .port_info 1 /INPUT 1 "rst";
    .port_info 2 /INPUT 4 "din";
    .port_info 3 /OUTPUT 3 "status";
    .port_info 4 /OUTPUT 4 "chars";
P_0x5609d89f3600 .param/l "STATUS_ALARM" 1 4 13, C4<001>;
P_0x5609d89f3640 .param/l "STATUS_INIT" 1 4 11, C4<101>;
P_0x5609d89f3680 .param/l "STATUS_LOCKED" 1 4 12, C4<011>;
P_0x5609d89f36c0 .param/l "STATUS_UNLOCKED" 1 4 14, C4<010>;
P_0x5609d89f3700 .param/l "STATUS_WAITING" 1 4 15, C4<100>;
enum0x5609d89ba130 .enum4 (2)
   "INIT" 2'b00,
   "LOCKED" 2'b01,
   "UNLOCKED" 2'b10,
   "ALARM" 2'b11
 ;
L_0x5609d89f1d60 .functor BUFZ 3, v0x5609d8a136e0_0, C4<000>, C4<000>, C4<000>;
L_0x5609d89f20c0 .functor OR 1, L_0x5609d8a23e00, L_0x5609d8a23f70, C4<0>, C4<0>;
L_0x5609d89f2400 .functor OR 1, L_0x5609d8a24320, L_0x5609d8a24460, C4<0>, C4<0>;
L_0x5609d89f2740 .functor OR 1, L_0x5609d8a24770, L_0x5609d8a24900, C4<0>, C4<0>;
L_0x5609d89f2a80 .functor OR 1, L_0x5609d8a24de0, L_0x5609d8a24f40, C4<0>, C4<0>;
v0x5609d89f17e0_0 .net *"_ivl_10", 0 0, L_0x5609d8a23e00;  1 drivers
L_0x7ff4b6fe20a8 .functor BUFT 1, C4<10>, C4<0>, C4<0>, C4<0>;
v0x5609d89f1b20_0 .net/2u *"_ivl_12", 1 0, L_0x7ff4b6fe20a8;  1 drivers
v0x5609d89f1e70_0 .net *"_ivl_14", 0 0, L_0x5609d8a23f70;  1 drivers
v0x5609d89f2190_0 .net *"_ivl_17", 0 0, L_0x5609d89f20c0;  1 drivers
v0x5609d89f24d0_0 .net *"_ivl_20", 31 0, L_0x5609d8a24160;  1 drivers
L_0x7ff4b6fe20f0 .functor BUFT 1, C4<00000000000000000000000000000>, C4<0>, C4<0>, C4<0>;
v0x5609d89f2810_0 .net *"_ivl_23", 28 0, L_0x7ff4b6fe20f0;  1 drivers
L_0x7ff4b6fe2138 .functor BUFT 1, C4<00000000000000000000000000000001>, C4<0>, C4<0>, C4<0>;
v0x5609d89f2b50_0 .net/2u *"_ivl_24", 31 0, L_0x7ff4b6fe2138;  1 drivers
v0x5609d8a11e40_0 .net *"_ivl_26", 0 0, L_0x5609d8a24320;  1 drivers
L_0x7ff4b6fe2180 .functor BUFT 1, C4<10>, C4<0>, C4<0>, C4<0>;
v0x5609d8a11f00_0 .net/2u *"_ivl_28", 1 0, L_0x7ff4b6fe2180;  1 drivers
v0x5609d8a11fe0_0 .net *"_ivl_30", 0 0, L_0x5609d8a24460;  1 drivers
v0x5609d8a120a0_0 .net *"_ivl_33", 0 0, L_0x5609d89f2400;  1 drivers
v0x5609d8a12160_0 .net *"_ivl_36", 31 0, L_0x5609d8a24680;  1 drivers
L_0x7ff4b6fe21c8 .functor BUFT 1, C4<00000000000000000000000000000>, C4<0>, C4<0>, C4<0>;
v0x5609d8a12240_0 .net *"_ivl_39", 28 0, L_0x7ff4b6fe21c8;  1 drivers
v0x5609d8a12320_0 .net *"_ivl_4", 31 0, L_0x5609d8a13c40;  1 drivers
L_0x7ff4b6fe2210 .functor BUFT 1, C4<00000000000000000000000000000010>, C4<0>, C4<0>, C4<0>;
v0x5609d8a12400_0 .net/2u *"_ivl_40", 31 0, L_0x7ff4b6fe2210;  1 drivers
v0x5609d8a124e0_0 .net *"_ivl_42", 0 0, L_0x5609d8a24770;  1 drivers
L_0x7ff4b6fe2258 .functor BUFT 1, C4<10>, C4<0>, C4<0>, C4<0>;
v0x5609d8a125a0_0 .net/2u *"_ivl_44", 1 0, L_0x7ff4b6fe2258;  1 drivers
v0x5609d8a12680_0 .net *"_ivl_46", 0 0, L_0x5609d8a24900;  1 drivers
v0x5609d8a12740_0 .net *"_ivl_49", 0 0, L_0x5609d89f2740;  1 drivers
v0x5609d8a12800_0 .net *"_ivl_53", 31 0, L_0x5609d8a24cb0;  1 drivers
L_0x7ff4b6fe22a0 .functor BUFT 1, C4<00000000000000000000000000000>, C4<0>, C4<0>, C4<0>;
v0x5609d8a128e0_0 .net *"_ivl_56", 28 0, L_0x7ff4b6fe22a0;  1 drivers
L_0x7ff4b6fe22e8 .functor BUFT 1, C4<00000000000000000000000000000011>, C4<0>, C4<0>, C4<0>;
v0x5609d8a129c0_0 .net/2u *"_ivl_57", 31 0, L_0x7ff4b6fe22e8;  1 drivers
v0x5609d8a12aa0_0 .net *"_ivl_59", 0 0, L_0x5609d8a24de0;  1 drivers
L_0x7ff4b6fe2330 .functor BUFT 1, C4<10>, C4<0>, C4<0>, C4<0>;
v0x5609d8a12b60_0 .net/2u *"_ivl_61", 1 0, L_0x7ff4b6fe2330;  1 drivers
v0x5609d8a12c40_0 .net *"_ivl_63", 0 0, L_0x5609d8a24f40;  1 drivers
v0x5609d8a12d00_0 .net *"_ivl_66", 0 0, L_0x5609d89f2a80;  1 drivers
L_0x7ff4b6fe2018 .functor BUFT 1, C4<00000000000000000000000000000>, C4<0>, C4<0>, C4<0>;
v0x5609d8a12dc0_0 .net *"_ivl_7", 28 0, L_0x7ff4b6fe2018;  1 drivers
L_0x7ff4b6fe2060 .functor BUFT 1, C4<00000000000000000000000000000000>, C4<0>, C4<0>, C4<0>;
v0x5609d8a12ea0_0 .net/2u *"_ivl_8", 31 0, L_0x7ff4b6fe2060;  1 drivers
v0x5609d8a12f80_0 .net "chars", 3 0, L_0x5609d8a24a70;  alias, 1 drivers
v0x5609d8a13060_0 .net "clk", 0 0, v0x5609d8a13940_0;  1 drivers
v0x5609d8a13120_0 .var "count", 2 0;
v0x5609d8a13200_0 .net "din", 3 0, v0x5609d8a139e0_0;  1 drivers
v0x5609d8a132e0_0 .var "error", 0 0;
v0x5609d8a133a0 .array "mem", 3 0, 3 0;
v0x5609d8a13460_0 .net "rst", 0 0, v0x5609d8a13a80_0;  1 drivers
v0x5609d8a13520_0 .var "state", 1 0;
v0x5609d8a13600_0 .net "status", 2 0, L_0x5609d89f1d60;  alias, 1 drivers
v0x5609d8a136e0_0 .var "status_r", 2 0;
E_0x5609d89ce1e0 .event posedge, v0x5609d8a13460_0, v0x5609d8a13060_0;
L_0x5609d8a13c40 .concat [ 3 29 0 0], v0x5609d8a13120_0, L_0x7ff4b6fe2018;
L_0x5609d8a23e00 .cmp/gt 32, L_0x5609d8a13c40, L_0x7ff4b6fe2060;
L_0x5609d8a23f70 .cmp/eq 2, v0x5609d8a13520_0, L_0x7ff4b6fe20a8;
L_0x5609d8a24160 .concat [ 3 29 0 0], v0x5609d8a13120_0, L_0x7ff4b6fe20f0;
L_0x5609d8a24320 .cmp/gt 32, L_0x5609d8a24160, L_0x7ff4b6fe2138;
L_0x5609d8a24460 .cmp/eq 2, v0x5609d8a13520_0, L_0x7ff4b6fe2180;
L_0x5609d8a24680 .concat [ 3 29 0 0], v0x5609d8a13120_0, L_0x7ff4b6fe21c8;
L_0x5609d8a24770 .cmp/gt 32, L_0x5609d8a24680, L_0x7ff4b6fe2210;
L_0x5609d8a24900 .cmp/eq 2, v0x5609d8a13520_0, L_0x7ff4b6fe2258;
L_0x5609d8a24a70 .concat8 [ 1 1 1 1], L_0x5609d89f2a80, L_0x5609d89f2740, L_0x5609d89f2400, L_0x5609d89f20c0;
L_0x5609d8a24cb0 .concat [ 3 29 0 0], v0x5609d8a13120_0, L_0x7ff4b6fe22a0;
L_0x5609d8a24de0 .cmp/gt 32, L_0x5609d8a24cb0, L_0x7ff4b6fe22e8;
L_0x5609d8a24f40 .cmp/eq 2, v0x5609d8a13520_0, L_0x7ff4b6fe2330;
    .scope S_0x5609d89f3470;
T_0 ;
    %wait E_0x5609d89ce1e0;
    %load/vec4 v0x5609d8a13460_0;
    %flag_set/vec4 8;
    %jmp/0xz  T_0.0, 8;
    %pushi/vec4 0, 0, 3;
    %assign/vec4 v0x5609d8a13120_0, 0;
    %pushi/vec4 0, 0, 1;
    %assign/vec4 v0x5609d8a132e0_0, 0;
    %pushi/vec4 5, 0, 3;
    %assign/vec4 v0x5609d8a136e0_0, 0;
    %pushi/vec4 0, 0, 2;
    %assign/vec4 v0x5609d8a13520_0, 0;
    %jmp T_0.1;
T_0.0 ;
    %load/vec4 v0x5609d8a13520_0;
    %dup/vec4;
    %pushi/vec4 0, 0, 2;
    %cmp/u;
    %jmp/1 T_0.2, 6;
    %dup/vec4;
    %pushi/vec4 1, 0, 2;
    %cmp/u;
    %jmp/1 T_0.3, 6;
    %dup/vec4;
    %pushi/vec4 3, 0, 2;
    %cmp/u;
    %jmp/1 T_0.4, 6;
    %dup/vec4;
    %pushi/vec4 2, 0, 2;
    %cmp/u;
    %jmp/1 T_0.5, 6;
    %jmp T_0.6;
T_0.2 ;
    %load/vec4 v0x5609d8a13120_0;
    %pad/u 32;
    %cmpi/u 4, 0, 32;
    %jmp/0xz  T_0.7, 5;
    %load/vec4 v0x5609d8a13200_0;
    %cmpi/ne 0, 0, 4;
    %jmp/0xz  T_0.9, 4;
    %load/vec4 v0x5609d8a13200_0;
    %load/vec4 v0x5609d8a13120_0;
    %pad/u 4;
    %ix/vec4 3;
    %ix/load 4, 0, 0; Constant delay
    %assign/vec4/a/d v0x5609d8a133a0, 0, 4;
    %load/vec4 v0x5609d8a13120_0;
    %addi 1, 0, 3;
    %assign/vec4 v0x5609d8a13120_0, 0;
T_0.9 ;
    %pushi/vec4 5, 0, 3;
    %assign/vec4 v0x5609d8a136e0_0, 0;
    %pushi/vec4 0, 0, 2;
    %assign/vec4 v0x5609d8a13520_0, 0;
    %jmp T_0.8;
T_0.7 ;
    %pushi/vec4 0, 0, 3;
    %assign/vec4 v0x5609d8a13120_0, 0;
    %pushi/vec4 3, 0, 3;
    %assign/vec4 v0x5609d8a136e0_0, 0;
    %pushi/vec4 1, 0, 2;
    %assign/vec4 v0x5609d8a13520_0, 0;
T_0.8 ;
    %jmp T_0.6;
T_0.3 ;
    %load/vec4 v0x5609d8a13120_0;
    %pad/u 32;
    %cmpi/u 4, 0, 32;
    %jmp/0xz  T_0.11, 5;
    %load/vec4 v0x5609d8a13200_0;
    %cmpi/ne 0, 0, 4;
    %jmp/0xz  T_0.13, 4;
    %load/vec4 v0x5609d8a13200_0;
    %load/vec4 v0x5609d8a13120_0;
    %pad/u 4;
    %ix/vec4 4;
    %load/vec4a v0x5609d8a133a0, 4;
    %cmp/ne;
    %jmp/0xz  T_0.15, 4;
    %pushi/vec4 1, 0, 1;
    %assign/vec4 v0x5609d8a132e0_0, 0;
T_0.15 ;
    %load/vec4 v0x5609d8a13120_0;
    %addi 1, 0, 3;
    %assign/vec4 v0x5609d8a13120_0, 0;
T_0.13 ;
    %pushi/vec4 3, 0, 3;
    %assign/vec4 v0x5609d8a136e0_0, 0;
    %pushi/vec4 1, 0, 2;
    %assign/vec4 v0x5609d8a13520_0, 0;
    %jmp T_0.12;
T_0.11 ;
    %load/vec4 v0x5609d8a132e0_0;
    %flag_set/vec4 8;
    %jmp/0xz  T_0.17, 8;
    %pushi/vec4 1, 0, 3;
    %assign/vec4 v0x5609d8a136e0_0, 0;
    %pushi/vec4 3, 0, 2;
    %assign/vec4 v0x5609d8a13520_0, 0;
    %jmp T_0.18;
T_0.17 ;
    %pushi/vec4 2, 0, 3;
    %assign/vec4 v0x5609d8a136e0_0, 0;
    %pushi/vec4 2, 0, 2;
    %assign/vec4 v0x5609d8a13520_0, 0;
T_0.18 ;
    %pushi/vec4 0, 0, 3;
    %assign/vec4 v0x5609d8a13120_0, 0;
    %pushi/vec4 0, 0, 1;
    %assign/vec4 v0x5609d8a132e0_0, 0;
T_0.12 ;
    %jmp T_0.6;
T_0.4 ;
    %load/vec4 v0x5609d8a13120_0;
    %pad/u 32;
    %cmpi/u 4, 0, 32;
    %jmp/0xz  T_0.19, 5;
    %load/vec4 v0x5609d8a13200_0;
    %cmpi/ne 0, 0, 4;
    %jmp/0xz  T_0.21, 4;
    %load/vec4 v0x5609d8a13200_0;
    %load/vec4 v0x5609d8a13120_0;
    %pad/u 4;
    %ix/vec4 4;
    %load/vec4a v0x5609d8a133a0, 4;
    %cmp/ne;
    %jmp/0xz  T_0.23, 4;
    %pushi/vec4 1, 0, 1;
    %assign/vec4 v0x5609d8a132e0_0, 0;
T_0.23 ;
    %load/vec4 v0x5609d8a13120_0;
    %addi 1, 0, 3;
    %assign/vec4 v0x5609d8a13120_0, 0;
T_0.21 ;
    %pushi/vec4 1, 0, 3;
    %assign/vec4 v0x5609d8a136e0_0, 0;
    %pushi/vec4 3, 0, 2;
    %assign/vec4 v0x5609d8a13520_0, 0;
    %jmp T_0.20;
T_0.19 ;
    %load/vec4 v0x5609d8a132e0_0;
    %flag_set/vec4 8;
    %jmp/0xz  T_0.25, 8;
    %pushi/vec4 1, 0, 3;
    %assign/vec4 v0x5609d8a136e0_0, 0;
    %pushi/vec4 3, 0, 2;
    %assign/vec4 v0x5609d8a13520_0, 0;
    %jmp T_0.26;
T_0.25 ;
    %pushi/vec4 2, 0, 3;
    %assign/vec4 v0x5609d8a136e0_0, 0;
    %pushi/vec4 2, 0, 2;
    %assign/vec4 v0x5609d8a13520_0, 0;
T_0.26 ;
    %pushi/vec4 0, 0, 3;
    %assign/vec4 v0x5609d8a13120_0, 0;
    %pushi/vec4 0, 0, 1;
    %assign/vec4 v0x5609d8a132e0_0, 0;
T_0.20 ;
    %jmp T_0.6;
T_0.5 ;
    %load/vec4 v0x5609d8a13200_0;
    %cmpi/ne 0, 0, 4;
    %jmp/0xz  T_0.27, 4;
    %pushi/vec4 0, 0, 3;
    %assign/vec4 v0x5609d8a13120_0, 0;
    %pushi/vec4 0, 0, 1;
    %assign/vec4 v0x5609d8a132e0_0, 0;
    %pushi/vec4 3, 0, 3;
    %assign/vec4 v0x5609d8a136e0_0, 0;
    %pushi/vec4 1, 0, 2;
    %assign/vec4 v0x5609d8a13520_0, 0;
    %jmp T_0.28;
T_0.27 ;
    %pushi/vec4 2, 0, 3;
    %assign/vec4 v0x5609d8a136e0_0, 0;
    %pushi/vec4 2, 0, 2;
    %assign/vec4 v0x5609d8a13520_0, 0;
T_0.28 ;
    %jmp T_0.6;
T_0.6 ;
    %pop/vec4 1;
T_0.1 ;
    %jmp T_0;
    .thread T_0;
    .scope S_0x5609d89f32e0;
T_1 ;
    %delay 5, 0;
    %load/vec4 v0x5609d8a13940_0;
    %inv;
    %store/vec4 v0x5609d8a13940_0, 0, 1;
    %jmp T_1;
    .thread T_1;
    .scope S_0x5609d89f32e0;
T_2 ;
    %vpi_call/w 3 38 "$dumpfile", "waves.fst" {0 0 0};
    %vpi_call/w 3 39 "$dumpvars", 32'sb00000000000000000000000000000000, S_0x5609d89f32e0 {0 0 0};
    %pushi/vec4 0, 0, 1;
    %store/vec4 v0x5609d8a13a80_0, 0, 1;
    %pushi/vec4 0, 0, 1;
    %store/vec4 v0x5609d8a13940_0, 0, 1;
    %wait E_0x5609d89ce220;
    %pushi/vec4 1, 0, 1;
    %store/vec4 v0x5609d8a13a80_0, 0, 1;
    %wait E_0x5609d89ce220;
    %pushi/vec4 0, 0, 1;
    %store/vec4 v0x5609d8a13a80_0, 0, 1;
    %wait E_0x5609d89ce220;
    %pushi/vec4 1, 0, 4;
    %store/vec4 v0x5609d8a139e0_0, 0, 4;
    %wait E_0x5609d89ce220;
    %pushi/vec4 2, 0, 4;
    %store/vec4 v0x5609d8a139e0_0, 0, 4;
    %wait E_0x5609d89ce220;
    %pushi/vec4 4, 0, 4;
    %store/vec4 v0x5609d8a139e0_0, 0, 4;
    %wait E_0x5609d89ce220;
    %pushi/vec4 8, 0, 4;
    %store/vec4 v0x5609d8a139e0_0, 0, 4;
    %wait E_0x5609d89ce220;
    %pushi/vec4 0, 0, 4;
    %store/vec4 v0x5609d8a139e0_0, 0, 4;
    %wait E_0x5609d89ce220;
    %wait E_0x5609d89ce220;
    %pushi/vec4 1, 0, 4;
    %store/vec4 v0x5609d8a139e0_0, 0, 4;
    %wait E_0x5609d89ce220;
    %pushi/vec4 2, 0, 4;
    %store/vec4 v0x5609d8a139e0_0, 0, 4;
    %wait E_0x5609d89ce220;
    %pushi/vec4 4, 0, 4;
    %store/vec4 v0x5609d8a139e0_0, 0, 4;
    %wait E_0x5609d89ce220;
    %pushi/vec4 8, 0, 4;
    %store/vec4 v0x5609d8a139e0_0, 0, 4;
    %wait E_0x5609d89ce220;
    %pushi/vec4 0, 0, 4;
    %store/vec4 v0x5609d8a139e0_0, 0, 4;
    %wait E_0x5609d89ce220;
    %pushi/vec4 1, 0, 4;
    %store/vec4 v0x5609d8a139e0_0, 0, 4;
    %wait E_0x5609d89ce220;
    %pushi/vec4 1, 0, 4;
    %store/vec4 v0x5609d8a139e0_0, 0, 4;
    %wait E_0x5609d89ce220;
    %pushi/vec4 4, 0, 4;
    %store/vec4 v0x5609d8a139e0_0, 0, 4;
    %wait E_0x5609d89ce220;
    %pushi/vec4 8, 0, 4;
    %store/vec4 v0x5609d8a139e0_0, 0, 4;
    %wait E_0x5609d89ce220;
    %pushi/vec4 0, 0, 4;
    %store/vec4 v0x5609d8a139e0_0, 0, 4;
    %wait E_0x5609d89ce220;
    %vpi_call/w 3 88 "$finish" {0 0 0};
    %end;
    .thread T_2;
# The file index is used to find the file name in the following table.
:file_names 5;
    "N/A";
    "<interactive>";
    "-";
    "alarm_system_tb.sv";
    "./alarm_system.sv";
